NAME
/home/denshade
/
/usr/lib/firefox/firefox
/memfd:mozilla-ipc
directory)
/memfd:mozilla-ipc
/memfd:mozilla-ipc
/memfd:mozilla-ipc
/memfd:mozilla-ipc
/memfd:mozilla-ipc
/usr/share/fonts/truetype/ubuntu/Ubuntu-R.ttf
/memfd:mozilla-ipc
/usr/share/fonts/truetype/ubuntu/Ubuntu-B.ttf
/memfd:mozilla-ipc
/usr/share/fonts/truetype/ubuntu/Ubuntu-M.ttf
/memfd:mozilla-ipc
/memfd:mozilla-ipc
/memfd:mozilla-ipc
/memfd:mozilla-ipc
/usr/lib/firefox/fonts/TwemojiMozilla.ttf
/memfd:mozilla-ipc
/memfd:mozilla-ipc
/memfd:mozilla-ipc
/memfd:mozilla-ipc
/memfd:mozilla-ipc
/SYSV00000000
/usr/share/fonts/truetype/liberation/LiberationSans-Regular.ttf
/SYSV00000000
/memfd:mozilla-ipc
/memfd:mozilla-ipc
/memfd:mozilla-ipc
/memfd:mozilla-ipc
/usr/share/fonts/opentype/urw-base35/NimbusSans-Bold.otf
/memfd:mozilla-ipc
/memfd:mozilla-ipc
/usr/share/fonts/opentype/urw-base35/NimbusSans-Regular.otf
/memfd:mozilla-ipc
/memfd:mozilla-ipc
/memfd:mozilla-ipc
/memfd:mozilla-ipc
/usr/lib/firefox/browser/features/screenshots@mozilla.org.xpi
/usr/share/fonts/truetype/liberation/LiberationSans-Bold.ttf
/memfd:mozilla-ipc
/usr/share/fonts/opentype/urw-base35/NimbusMonoPS-Regular.otf
/memfd:mozilla-ipc
/usr/share/fonts/truetype/liberation/LiberationMono-Regular.ttf
/memfd:mozilla-ipc
/memfd:mozilla-ipc
/memfd:mozilla-ipc
/memfd:mozilla-ipc
/memfd:mozilla-ipc
/usr/share/fonts/truetype/liberation/LiberationSerif-Italic.ttf
/usr/share/fonts/truetype/liberation/LiberationSerif-Regular.ttf
/memfd:mozilla-ipc
/usr/share/fonts/truetype/dejavu/DejaVuSerif.ttf
/memfd:mozilla-ipc
/memfd:mozilla-ipc
/memfd:mozilla-ipc
/memfd:mozilla-ipc
/memfd:mozilla-ipc
/usr/share/fonts/truetype/liberation/LiberationMono-Bold.ttf
/memfd:mozilla-ipc
/memfd:mozilla-ipc
/memfd:mozilla-ipc
/memfd:mozilla-ipc
/memfd:mozilla-ipc
/usr/lib/firefox/browser/features/pictureinpicture@mozilla.org.xpi
/SYSV00000000
/SYSV00000000
/memfd:mozilla-ipc
/usr/lib/firefox/libnssckbi.so
/memfd:mozilla-ipc
/usr/lib/firefox/libfreeblpriv3.so
/memfd:mozilla-ipc
/memfd:mozilla-ipc
/memfd:mozilla-ipc
/SYSV00000000
/SYSV00000000
/memfd:mozilla-ipc
/memfd:mozilla-ipc
/memfd:mozilla-ipc
/memfd:mozilla-ipc
/memfd:mozilla-ipc
/memfd:mozilla-ipc
/memfd:mozilla-ipc
/memfd:mozilla-ipc
/memfd:mozilla-ipc
/memfd:mozilla-ipc
/memfd:mozilla-ipc
/memfd:mozilla-ipc
/memfd:mozilla-ipc
/memfd:mozilla-ipc
/memfd:mozilla-ipc
/memfd:mozilla-ipc
/memfd:mozilla-ipc
/memfd:mozilla-ipc
/memfd:pulseaudio
/memfd:pulseaudio
/memfd:pulseaudio
/memfd:mozilla-ipc
/memfd:mozilla-ipc
/usr/lib/firefox/libsoftokn3.so
/memfd:mozilla-ipc
/memfd:mozilla-ipc
/memfd:mozilla-ipc
/memfd:mozilla-ipc
/memfd:mozilla-ipc
/memfd:mozilla-ipc
/memfd:mozilla-ipc
/memfd:mozilla-ipc
/memfd:mozilla-ipc
/memfd:mozilla-ipc
/memfd:mozilla-ipc
/memfd:mozilla-ipc
/memfd:mozilla-ipc
/memfd:mozilla-ipc
/home/denshade/.mozilla/firefox/jspcx1u1.default-release/extensions/uBlock0@raymondhill.net.xpi
/memfd:mozilla-ipc
/memfd:mozilla-ipc
/memfd:mozilla-ipc
/memfd:mozilla-ipc
/memfd:mozilla-ipc
/memfd:mozilla-ipc
/memfd:mozilla-ipc
/memfd:mozilla-ipc
/memfd:mozilla-ipc
/memfd:mozilla-ipc
/memfd:mozilla-ipc
/memfd:mozilla-ipc
/memfd:mozilla-ipc
/memfd:mozilla-ipc
/memfd:mozilla-ipc
/memfd:mozilla-ipc
/memfd:mozilla-ipc
/memfd:mozilla-ipc
/memfd:mozilla-ipc
/memfd:mozilla-ipc
/memfd:mozilla-ipc
/memfd:mozilla-ipc
/memfd:mozilla-ipc
/memfd:mozilla-ipc
/memfd:mozilla-ipc
/memfd:mozilla-ipc
/memfd:mozilla-ipc
/memfd:mozilla-ipc
/memfd:mozilla-ipc
/memfd:xshmfence
/usr/lib/x86_64-linux-gnu/libnss_dns-2.31.so
/memfd:mozilla-ipc
/memfd:mozilla-ipc
/memfd:mozilla-ipc
/memfd:mozilla-ipc
/memfd:mozilla-ipc
/memfd:mozilla-ipc
/usr/lib/x86_64-linux-gnu/gio/modules/libdconfsettings.so
/memfd:mozilla-ipc
/usr/lib/x86_64-linux-gnu/libnss_mdns4_minimal.so.2
/usr/share/glib-2.0/schemas/gschemas.compiled
/memfd:mozilla-ipc
/memfd:mozilla-ipc
/memfd:mozilla-ipc
/home/denshade/.config/dconf/user
/memfd:xshmfence
/usr/lib/x86_64-linux-gnu/libcanberra-0.30/libcanberra-pulse.so
/memfd:mozilla-ipc
/memfd:mozilla-ipc
/memfd:mozilla-ipc
/usr/lib/firefox/browser/features/webcompat@mozilla.org.xpi
/memfd:mozilla-ipc
/memfd:mozilla-ipc
/memfd:mozilla-ipc
/memfd:mozilla-ipc
/memfd:mozilla-ipc
/memfd:mozilla-ipc
/memfd:mozilla-ipc
/memfd:mozilla-ipc
/memfd:mozilla-ipc
/memfd:mozilla-ipc
/memfd:mozilla-ipc
/memfd:mozilla-ipc
/memfd:mozilla-ipc
/memfd:mozilla-ipc
/memfd:mozilla-ipc
/memfd:mozilla-ipc
/memfd:mozilla-ipc
/memfd:mozilla-ipc
/memfd:mozilla-ipc
/memfd:mozilla-ipc
/memfd:mozilla-ipc
/memfd:mozilla-ipc
/usr/lib/x86_64-linux-gnu/libasyncns.so.0.3.1
/memfd:mozilla-ipc
/memfd:mozilla-ipc
/usr/lib/x86_64-linux-gnu/libXss.so.1.0.0
/memfd:mozilla-ipc
/memfd:mozilla-ipc
/home/denshade/.cache/mesa_shader_cache/index
/memfd:mozilla-ipc
/memfd:mozilla-ipc
/memfd:mozilla-ipc
/memfd:mozilla-ipc
/memfd:mozilla-ipc
/memfd:mozilla-ipc
/memfd:mozilla-ipc
/usr/lib/firefox/browser/features/formautofill@mozilla.org.xpi
/memfd:mozilla-ipc
/run/user/1000/dconf/user
/memfd:mozilla-ipc
/memfd:mozilla-ipc
/usr/lib/x86_64-linux-gnu/libvorbisenc.so.2.0.11
/memfd:mozilla-ipc
/memfd:mozilla-ipc
/memfd:mozilla-ipc
/usr/lib/x86_64-linux-gnu/libFLAC.so.8.3.0
/usr/lib/x86_64-linux-gnu/libnsl-2.31.so
/usr/lib/x86_64-linux-gnu/libapparmor.so.1.6.1
/usr/lib/x86_64-linux-gnu/libsndfile.so.1.0.28
/usr/lib/x86_64-linux-gnu/libwrap.so.0.7.6
/usr/lib/x86_64-linux-gnu/pulseaudio/libpulsecommon-13.99.so
/usr/lib/x86_64-linux-gnu/libpulse.so.0.21.2
/memfd:mozilla-ipc
/usr/lib/x86_64-linux-gnu/gdk-pixbuf-2.0/2.10.0/loaders/libpixbufloader-png.so
/usr/lib/x86_64-linux-gnu/libEGL_mesa.so.0.0.0
/usr/lib/x86_64-linux-gnu/libEGL.so.1.1.0
/memfd:mozilla-ipc
/usr/lib/x86_64-linux-gnu/libxcb-xfixes.so.0.0.0
/usr/lib/x86_64-linux-gnu/libxshmfence.so.1.0.0
/usr/lib/x86_64-linux-gnu/libxcb-sync.so.1.0.0
/usr/lib/x86_64-linux-gnu/libxcb-present.so.0.0.0
/usr/lib/x86_64-linux-gnu/libxcb-dri3.so.0.0.0
/usr/lib/x86_64-linux-gnu/libxcb-glx.so.0.0.0
/usr/lib/x86_64-linux-gnu/libGLX_mesa.so.0.0.0
/usr/lib/x86_64-linux-gnu/libGLX.so.0.0.0
/usr/lib/x86_64-linux-gnu/libGLdispatch.so.0.0.0
/usr/lib/x86_64-linux-gnu/libGL.so.1.7.0
/home/denshade/.cache/fontconfig/a41116dafaf8b233ac2c61cb73f2ea5f-le64.cache-7
/memfd:xshmfence
/usr/lib/x86_64-linux-gnu/libtinfo.so.6.2
/usr/lib/x86_64-linux-gnu/libedit.so.2.0.63
/usr/lib/x86_64-linux-gnu/libvulkan.so.1.2.131
/usr/lib/x86_64-linux-gnu/libdrm_nouveau.so.2.0.0
/usr/lib/x86_64-linux-gnu/libelf-0.176.so
/usr/lib/x86_64-linux-gnu/libdrm_radeon.so.1.0.1
/usr/lib/x86_64-linux-gnu/libsensors.so.5.0.0
/usr/lib/x86_64-linux-gnu/libzstd.so.1.4.4
/usr/lib/x86_64-linux-gnu/libLLVM-12.so.1
/usr/lib/x86_64-linux-gnu/dri/iris_dri.so
/usr/lib/x86_64-linux-gnu/libglapi.so.0.0.0
/usr/lib/x86_64-linux-gnu/libXxf86vm.so.1.0.0
/usr/lib/x86_64-linux-gnu/libxcb-dri2.so.0.0.0
/usr/lib/x86_64-linux-gnu/libwayland-server.so.0.1.0
/usr/lib/x86_64-linux-gnu/libdrm.so.2.4.0
/usr/lib/x86_64-linux-gnu/libgbm.so.1.0.0
/usr/lib/x86_64-linux-gnu/libdrm_amdgpu.so.1.0.0
/usr/lib/x86_64-linux-gnu/gconv/gconv-modules.cache
/usr/share/fonts/truetype/dejavu/DejaVuSansMono.ttf
/var/cache/fontconfig/a4637e27-4fcc-4bc0-a937-718ae7fb9dce-le64.cache-7
/var/cache/fontconfig/87b404c5-6f68-4dff-977f-290f87cd8473-le64.cache-7
/var/cache/fontconfig/606ab276-7b9b-4a8d-ba0f-d11dc840c63b-le64.cache-7
/var/cache/fontconfig/c8e280ed-afd3-47c2-bab8-41c84247e443-le64.cache-7
/var/cache/fontconfig/24ca075b-24b3-443e-b839-12e0b785755c-le64.cache-7
/var/cache/fontconfig/23ea5eec-8abe-425c-8e31-14501dd2c05d-le64.cache-7
/var/cache/fontconfig/31f6e66f-2ff0-4c60-9807-a6215f19ec0e-le64.cache-7
/var/cache/fontconfig/6d7b3acb-1fb6-4014-b9d7-8e88f844dbd4-le64.cache-7
/var/cache/fontconfig/cfa427aa-623e-416c-9510-56b3842277f0-le64.cache-7
/var/cache/fontconfig/6ba86a0c-5536-47df-830b-330a0a6c7c47-le64.cache-7
/var/cache/fontconfig/a6a6c35d-0ce2-48b7-897d-a6183fd0e97f-le64.cache-7
/var/cache/fontconfig/7a1b0847-a32a-43ed-ab48-8e0d80d5aa0e-le64.cache-7
/var/cache/fontconfig/f982cc57-f5d2-4816-b56a-40b977baf995-le64.cache-7
/var/cache/fontconfig/3100a3e8-8260-4176-8376-e74602aa4b7e-le64.cache-7
/var/cache/fontconfig/911b590d-1bae-4329-8900-038496e172ae-le64.cache-7
/var/cache/fontconfig/44d9bfa7-b81a-4325-8781-3fd0543d79e7-le64.cache-7
/var/cache/fontconfig/87fe2ab1-9058-4913-8428-e46b953778a1-le64.cache-7
/var/cache/fontconfig/829604c1-1b2d-40ff-b830-40ef41364dc2-le64.cache-7
/var/cache/fontconfig/15117173-412a-4eca-9408-9b879318ad88-le64.cache-7
/var/cache/fontconfig/1bb63ba4-fd72-4b26-ab50-9048e523804d-le64.cache-7
/var/cache/fontconfig/e29d2e42-aff3-4723-b310-450149b2fb17-le64.cache-7
/var/cache/fontconfig/341d2c2a-9c08-4288-8104-d9a4f307f74b-le64.cache-7
/var/cache/fontconfig/030f639d-03c8-4627-b24f-bc5a26112056-le64.cache-7
/var/cache/fontconfig/1c4ad046-42f8-4993-afcf-56176d8e5375-le64.cache-7
/var/cache/fontconfig/bbad67ab-3c64-4edb-8a52-a09350c22aaa-le64.cache-7
/var/cache/fontconfig/f2b1a1a4-343a-4373-91e5-fac49fa430e6-le64.cache-7
/var/cache/fontconfig/c0c8b206-c7dd-477e-bc06-da8b373c3274-le64.cache-7
/var/cache/fontconfig/9c6749b4-738d-4e81-b63b-146ffc994447-le64.cache-7
/usr/lib/x86_64-linux-gnu/libicudata.so.66.1
/usr/lib/x86_64-linux-gnu/libicuuc.so.66.1
/usr/lib/x86_64-linux-gnu/libxml2.so.2.9.10
/usr/lib/x86_64-linux-gnu/librsvg-2.so.2.47.0
/var/cache/fontconfig/90c21457-a70c-4ebf-a99a-2f9f7c9521c4-le64.cache-7
/var/cache/fontconfig/db24e243-8a03-47c3-8ab6-272240f2c73b-le64.cache-7
/var/cache/fontconfig/369be85f-ed25-45fc-b8b8-b0561cc593b3-le64.cache-7
/var/cache/fontconfig/43f5a2fa-15cb-4d5f-ac3a-6b98f17db5bd-le64.cache-7
/var/cache/fontconfig/01a0da53-557e-4c32-b6b8-b11a6dcad222-le64.cache-7
/var/cache/fontconfig/bb90e121-4c18-46b2-994d-bc5edc93d11d-le64.cache-7
/var/cache/fontconfig/ffc0df38-5557-426d-b4e0-cddd44e52d03-le64.cache-7
/usr/share/icons/Humanity/icon-theme.cache
/var/cache/fontconfig/d0e601be-c830-4b1c-a834-4803962fac48-le64.cache-7
/var/cache/fontconfig/50289ae4-6955-4f6c-a8e4-f1e3a7c39eb5-le64.cache-7
/var/cache/fontconfig/84da5fb7-ac45-4365-a47c-275057a7fb5b-le64.cache-7
/var/cache/fontconfig/4249dd05-726c-4fb6-81c3-c9400f370a59-le64.cache-7
/var/cache/fontconfig/c57cbee3-bdc1-4114-badc-a584f67d0c0c-le64.cache-7
/var/cache/fontconfig/be3a9e9e-9e71-4f13-b5a6-656901312546-le64.cache-7
/usr/share/mime/mime.cache
/var/cache/fontconfig/5704c8ff-897f-4b73-9665-68c2d3a48dc9-le64.cache-7
/var/cache/fontconfig/5c0bb55f-9bc2-4f07-b2ee-c843e59f0457-le64.cache-7
/var/cache/fontconfig/bcbb8717-be88-4839-a3cb-708800852979-le64.cache-7
/var/cache/fontconfig/d3dfc9e6-6b2a-4fa3-a681-886ea2990c0f-le64.cache-7
/var/cache/fontconfig/772e1db9-7fda-4e2c-a119-411f883e41a6-le64.cache-7
/var/cache/fontconfig/552326db-e88a-49ad-977f-eb2abcbccb47-le64.cache-7
/usr/lib/x86_64-linux-gnu/gdk-pixbuf-2.0/2.10.0/loaders/libpixbufloader-svg.so
/usr/share/icons/Adwaita/icon-theme.cache
/usr/share/icons/Yaru/icon-theme.cache
/home/denshade/.cache/mozilla/firefox/jspcx1u1.default-release/startupCache/scriptCache-current.bin
/home/denshade/.cache/mozilla/firefox/jspcx1u1.default-release/startupCache/scriptCache-child-current.bin
/var/cache/fontconfig/d95de4f8-8480-405a-a8e2-d5e00726bff4-le64.cache-7
/var/cache/fontconfig/c0b2c651-e462-487b-86a3-2cbb44de03a9-le64.cache-7
/usr/share/icons/hicolor/icon-theme.cache
/memfd:mozilla-ipc
/home/denshade/.cache/mozilla/firefox/jspcx1u1.default-release/startupCache/startupCache.8.little
/usr/lib/firefox/browser/omni.ja
/usr/lib/firefox/omni.ja
/usr/lib/x86_64-linux-gnu/libSM.so.6.0.1
/usr/lib/x86_64-linux-gnu/libICE.so.6.3.0
/usr/lib/x86_64-linux-gnu/libvorbis.so.0.4.8
/usr/lib/x86_64-linux-gnu/libnss_files-2.31.so
/usr/lib/x86_64-linux-gnu/libogg.so.0.8.4
/usr/lib/x86_64-linux-gnu/libltdl.so.7.3.1
/usr/lib/x86_64-linux-gnu/libtdb.so.1.4.3
/usr/lib/x86_64-linux-gnu/gvfs/libgvfscommon.so
/usr/lib/x86_64-linux-gnu/gio/modules/libgvfsdbus.so
/usr/share/themes/Yaru/gtk-3.20/gtk.gresource
/usr/lib/x86_64-linux-gnu/libvorbisfile.so.3.3.7
/usr/lib/x86_64-linux-gnu/libcanberra.so.0.2.5
/memfd:mozilla-ipc
/usr/lib/locale/locale-archive
/usr/lib/x86_64-linux-gnu/libdbus-glib-1.so.2.3.4
/usr/lib/x86_64-linux-gnu/libXtst.so.6.1.0
/usr/lib/x86_64-linux-gnu/libasound.so.2.0.0
/usr/lib/x86_64-linux-gnu/libcanberra-gtk3.so.0.1.9
/usr/lib/x86_64-linux-gnu/gtk-3.0/modules/libcanberra-gtk3-module.so
/usr/lib/firefox/libxul.so
/usr/lib/x86_64-linux-gnu/libgpg-error.so.0.28.0
/usr/lib/x86_64-linux-gnu/libgcrypt.so.20.2.5
/usr/lib/x86_64-linux-gnu/liblz4.so.1.9.2
/usr/lib/x86_64-linux-gnu/liblzma.so.5.2.4
/usr/lib/x86_64-linux-gnu/libbsd.so.0.10.0
/usr/lib/x86_64-linux-gnu/libdatrie.so.1.3.5
/usr/lib/x86_64-linux-gnu/libpcre2-8.so.0.9.0
/usr/lib/x86_64-linux-gnu/libblkid.so.1.1.0
/usr/lib/x86_64-linux-gnu/libsystemd.so.0.28.0
/usr/lib/x86_64-linux-gnu/libXdmcp.so.6.0.0
/usr/lib/x86_64-linux-gnu/libXau.so.6.0.0
/usr/lib/x86_64-linux-gnu/libuuid.so.1.3.0
/usr/lib/x86_64-linux-gnu/libexpat.so.1.6.11
/usr/lib/x86_64-linux-gnu/libgraphite2.so.3.2.1
/usr/lib/x86_64-linux-gnu/libpcre.so.3.13.3
/usr/lib/x86_64-linux-gnu/libffi.so.7.1.0
/usr/lib/x86_64-linux-gnu/libthai.so.0.3.1
/usr/lib/x86_64-linux-gnu/libresolv-2.31.so
/usr/lib/x86_64-linux-gnu/libselinux.so.1
/usr/lib/x86_64-linux-gnu/libmount.so.1.1.0
/usr/lib/x86_64-linux-gnu/libatspi.so.0.0.1
/usr/lib/x86_64-linux-gnu/libdbus-1.so.3.19.11
/usr/lib/x86_64-linux-gnu/libz.so.1.2.11
/usr/lib/x86_64-linux-gnu/libXrender.so.1.3.0
/usr/lib/x86_64-linux-gnu/libxcb-render.so.0.0.0
/usr/lib/x86_64-linux-gnu/libxcb-shm.so.0.0.0
/usr/lib/x86_64-linux-gnu/libpng16.so.16.37.0
/usr/lib/x86_64-linux-gnu/libpixman-1.so.0.38.4
/usr/lib/x86_64-linux-gnu/libxcb.so.1.1.0
/usr/lib/x86_64-linux-gnu/libXext.so.6.4.0
/usr/lib/x86_64-linux-gnu/libwayland-client.so.0.3.0
/usr/lib/x86_64-linux-gnu/libwayland-egl.so.1.0.0
/usr/lib/x86_64-linux-gnu/libwayland-cursor.so.0.0.0
/usr/lib/x86_64-linux-gnu/libxkbcommon.so.0.0.0
/usr/lib/x86_64-linux-gnu/libXdamage.so.1.1.0
/usr/lib/x86_64-linux-gnu/libXcomposite.so.1.0.0
/usr/lib/x86_64-linux-gnu/libXcursor.so.1.0.2
/usr/lib/x86_64-linux-gnu/libXrandr.so.2.2.0
/usr/lib/x86_64-linux-gnu/libXinerama.so.1.0.0
/usr/lib/x86_64-linux-gnu/libfreetype.so.6.17.1
/usr/lib/x86_64-linux-gnu/libfontconfig.so.1.12.0
/usr/lib/x86_64-linux-gnu/libharfbuzz.so.0.20600.4
/usr/lib/x86_64-linux-gnu/libglib-2.0.so.0.6400.6
/usr/lib/x86_64-linux-gnu/libgobject-2.0.so.0.6400.6
/usr/lib/x86_64-linux-gnu/libpango-1.0.so.0.4400.7
/usr/lib/x86_64-linux-gnu/libpangoft2-1.0.so.0.4400.7
/usr/lib/x86_64-linux-gnu/libgio-2.0.so.0.6400.6
/usr/lib/x86_64-linux-gnu/libfribidi.so.0.4.0
/usr/lib/x86_64-linux-gnu/libepoxy.so.0.0.0
/usr/lib/x86_64-linux-gnu/libatk-bridge-2.0.so.0.0.0
/usr/lib/x86_64-linux-gnu/libatk-1.0.so.0.23510.1
/usr/lib/x86_64-linux-gnu/libgdk_pixbuf-2.0.so.0.4000.0
/usr/lib/x86_64-linux-gnu/libcairo.so.2.11600.0
/usr/lib/x86_64-linux-gnu/libcairo-gobject.so.2.11600.0
/usr/lib/x86_64-linux-gnu/libXfixes.so.3.1.0
/usr/lib/x86_64-linux-gnu/libXi.so.6.1.0
/usr/lib/x86_64-linux-gnu/libX11.so.6.3.0
/usr/lib/x86_64-linux-gnu/libpangocairo-1.0.so.0.4400.7
/usr/lib/x86_64-linux-gnu/libgdk-3.so.0.2404.16
/usr/lib/x86_64-linux-gnu/libgtk-3.so.0.2404.16
/var/cache/fontconfig/0f1e8176-0eef-4f9f-852d-6ffddb548075-le64.cache-7
/usr/lib/x86_64-linux-gnu/libX11-xcb.so.1.0.0
/usr/lib/firefox/libmozwayland.so
/usr/lib/firefox/libssl3.so
/usr/lib/firefox/libmozsqlite3.so
/usr/lib/firefox/libsmime3.so
/usr/lib/firefox/libnss3.so
/usr/lib/firefox/libnssutil3.so
/usr/lib/x86_64-linux-gnu/librt-2.31.so
/var/cache/fontconfig/36b1e010-f1b0-46e9-aece-8e80b11c0889-le64.cache-7
/var/cache/fontconfig/b457a9aa-e4c7-43d7-b6f3-9fe79a881153-le64.cache-7
/usr/lib/x86_64-linux-gnu/libgmodule-2.0.so.0.6400.6
/usr/lib/firefox/liblgpllibs.so
/usr/lib/firefox/libmozsandbox.so
/usr/lib/firefox/libnspr4.so
/usr/lib/x86_64-linux-gnu/libc-2.31.so
/usr/lib/x86_64-linux-gnu/libgcc_s.so.1
/usr/lib/x86_64-linux-gnu/libm-2.31.so
/usr/lib/x86_64-linux-gnu/libstdc++.so.6.0.28
/usr/lib/x86_64-linux-gnu/libdl-2.31.so
/usr/lib/x86_64-linux-gnu/libpthread-2.31.so
/usr/lib/firefox/libmozgtk.so
/usr/lib/firefox/libplds4.so
/usr/lib/firefox/libplc4.so
/usr/lib/x86_64-linux-gnu/ld-2.31.so
/usr/share/locale-langpack/en/LC_MESSAGES/gtk30.mo
/dev/null
type=STREAM
type=STREAM
/dev/dri/renderD128
type=STREAM
[eventfd]
[eventfd]
type=STREAM
[eventfd]
/home/denshade/.mozilla/firefox/jspcx1u1.default-release/cookies.sqlite
type=STREAM
type=STREAM
/home/denshade/.mozilla/firefox/jspcx1u1.default-release/.parentlock
[eventpoll]
pipe
pipe
pipe
pipe
/usr/lib/firefox/omni.ja
/usr/lib/firefox/browser/omni.ja
pipe
pipe
pipe
pipe
ROUTE
pipe
pipe
/home/denshade/.cache/mozilla/firefox/jspcx1u1.default-release/startupCache/startupCache.8.little
type=STREAM
pipe
pipe
/dev/dri/renderD128
/dev/dri/renderD128
/home/denshade/.cache/mozilla/firefox/jspcx1u1.default-release/startupCache/scriptCache-child-current.bin
(deleted)
/home/denshade/.cache/mozilla/firefox/jspcx1u1.default-release/startupCache/scriptCache-current.bin
/dev/dri/renderD128
/dev/dri/card0
/dev/dri/card0
(deleted)
/usr/lib/firefox/browser/features/formautofill@mozilla.org.xpi
/dev/dri/card0
/dev/dri/card0
type=STREAM
/dev/dri/card0
/dev/dri/card0
/dev/dri/card0
/dev/dri/card0
(deleted)
/dev/dri/card0
/dev/dri/card0
(deleted)
/home/denshade/.mozilla/firefox/jspcx1u1.default-release/permissions.sqlite
(deleted)
(deleted)
/home/denshade/.mozilla/firefox/jspcx1u1.default-release/cookies.sqlite-wal
/home/denshade/.mozilla/firefox/jspcx1u1.default-release/storage.sqlite
type=SEQPACKET
type=SEQPACKET
pipe
pipe
type=SEQPACKET
type=SEQPACKET
type=SEQPACKET
/home/denshade/.mozilla/firefox/jspcx1u1.default-release/storage/default/https+++www.youtube.com/ls/data.sqlite
type=STREAM
pipe
(ESTABLISHED)

(ESTABLISHED)
/usr/lib/firefox/browser/features/webcompat@mozilla.org.xpi
/home/denshade/.mozilla/firefox/jspcx1u1.default-release/extensions/uBlock0@raymondhill.net.xpi
/home/denshade/.mozilla/firefox/jspcx1u1.default-release/places.sqlite
/home/denshade/.mozilla/firefox/jspcx1u1.default-release/places.sqlite-wal
/home/denshade/.mozilla/firefox/jspcx1u1.default-release/favicons.sqlite
/home/denshade/.mozilla/firefox/jspcx1u1.default-release/favicons.sqlite-wal
/home/denshade/.mozilla/firefox/jspcx1u1.default-release/places.sqlite
/home/denshade/.mozilla/firefox/jspcx1u1.default-release/places.sqlite-wal
/home/denshade/.mozilla/firefox/jspcx1u1.default-release/favicons.sqlite
/home/denshade/.mozilla/firefox/jspcx1u1.default-release/favicons.sqlite-wal
[eventpoll]
(deleted)
type=SEQPACKET
pipe
type=STREAM
pipe
pipe
[eventpoll]
pipe
pipe
(deleted)
type=STREAM
(deleted)
(deleted)
(ESTABLISHED)

/home/denshade/.mozilla/firefox/jspcx1u1.default-release/storage/default/https+++docs.google.com/ls/data.sqlite

inotify
(deleted)
(deleted)
(deleted)
(deleted)
(deleted)
(deleted)
(deleted)
(deleted)
(deleted)
pipe
pipe
[eventfd]
type=STREAM
[eventfd]
/home/denshade/.cache/event-sound-cache.tdb.0f654de2d0c4497daa4eabf1873a6955.x86_64-pc-linux-gnu
/home/denshade/.mozilla/firefox/jspcx1u1.default-release/cert9.db
/home/denshade/.mozilla/firefox/jspcx1u1.default-release/key4.db
[eventfd]
/home/denshade/.mozilla/firefox/jspcx1u1.default-release/storage/default/https+++drive.google.com/ls/data.sqlite

type=SEQPACKET
type=SEQPACKET
type=STREAM
type=STREAM
/home/denshade/.mozilla/firefox/jspcx1u1.default-release/storage/default/https+++stackoverflow.com/ls/data.sqlite
/home/denshade/.mozilla/firefox/jspcx1u1.default-release/content-prefs.sqlite
type=STREAM
pipe
type=STREAM

type=STREAM
type=STREAM
pipe
type=STREAM
/usr/lib/firefox/browser/features/screenshots@mozilla.org.xpi
/usr/lib/firefox/browser/features/pictureinpicture@mozilla.org.xpi
(ESTABLISHED)
type=STREAM
type=STREAM
/home/denshade/.mozilla/firefox/jspcx1u1.default-release/storage/default/https+++linuxize.com/ls/data.sqlite
type=SEQPACKET
type=SEQPACKET

type=STREAM
/home/denshade/.mozilla/firefox/jspcx1u1.default-release/favicons.sqlite-wal
/home/denshade/.mozilla/firefox/jspcx1u1.default-release/places.sqlite
type=STREAM
/home/denshade/.mozilla/firefox/jspcx1u1.default-release/places.sqlite-wal
/home/denshade/.mozilla/firefox/jspcx1u1.default-release/favicons.sqlite
(deleted)
pipe
type=STREAM
/home/denshade/.mozilla/firefox/jspcx1u1.default-release/places.sqlite
/home/denshade/.mozilla/firefox/jspcx1u1.default-release/places.sqlite-wal
type=SEQPACKET
pipe
type=STREAM
type=STREAM
pipe
type=SEQPACKET

/home/denshade/.mozilla/firefox/jspcx1u1.default-release/favicons.sqlite
/home/denshade/.mozilla/firefox/jspcx1u1.default-release/favicons.sqlite-wal
/home/denshade/.mozilla/firefox/jspcx1u1.default-release/formhistory.sqlite

type=SEQPACKET
(deleted)
type=STREAM
type=STREAM
/home/denshade/.mozilla/firefox/jspcx1u1.default-release/protections.sqlite
type=STREAM
pipe
type=SEQPACKET
pipe
type=STREAM

pipe
type=STREAM
type=STREAM
pipe
type=SEQPACKET
type=STREAM
type=STREAM
pipe
type=SEQPACKET
type=SEQPACKET
type=SEQPACKET
type=STREAM
pipe
type=SEQPACKET
type=STREAM
type=STREAM
pipe
pipe
